<?xml version="1.0" encoding="UTF-8"?><testsuite errors="0" failures="0" name="Regression checklist spanish" skipped="46" tests="46" time="446.01" timestamp="2018-01-31T13:37:57.907-05:00[America/New_York]"><testcase name="(Spanish) Homepage - Header - All the menu links on the &quot;Get Assistance&quot; tab"><skipped/></testcase><testcase name="(Spanish) Homepage - Header - All the menu links on the &quot;Information&quot; tab"><skipped/></testcase><testcase name="(Spanish) Homepage - Header - All the menu links on the &quot;About Us&quot; tab"><skipped/></testcase><testcase name="(Spanish) Homepage - Header - All the menu links on the &quot;Help&quot; tab"><skipped/></testcase><testcase name="(Spanish) Homepage - Key Links - Main links on homepage to assert that the Spanish pages open correctly"><skipped/></testcase><testcase name="(Spanish) Homepage - Currently declared disasters - States in the Spanish declared disaster map are clickable"><skipped/></testcase><testcase name="(Spanish) Homepage - Currently declared disasters - The declared states on the declared disaster map"><skipped/></testcase><testcase name="(Spanish) Homepage - Find Local Resources flows correctly in Spanish"><skipped/></testcase><testcase name="(Spanish) News Feeds - All of the titles on the page"><skipped/></testcase><testcase name="(Spanish) Community Leaders - Results of the quick search items"><skipped/></testcase><testcase name="(Spanish) Homepage - Address Look-Up - Declared disasters"><skipped/></testcase><testcase name="(Spanish) Find Assistance - Spanish benefits results display according to use cases"><skipped/></testcase><testcase name="(Spanish) Find Assistance - Dynamically verify results of the questionnaire"><skipped/></testcase><testcase name="(Spanish) Find Assistance - All the functionality of the FOA questionnaire"><skipped/></testcase><testcase name="(Spanish) News Feeds - FEMA Twitter feed is present"><skipped/></testcase><testcase name="(Spanish) Forms of Assistance - Category Type filter with the first seven types"><skipped/></testcase><testcase name="(Spanish) Forms of Assistance - Category Type filter with the next eight types"><skipped/></testcase><testcase name="(Spanish) Forms of Assistance - Federal Agency filter with the first seven types"><skipped/></testcase><testcase name="(Spanish) Forms of Assistance - Federal Agency filter with the next seven types"><skipped/></testcase></testsuite>