<?xml version="1.0" encoding="UTF-8"?><testsuite errors="0" failures="1" name="Regression checklist" skipped="3" tests="50" time="522.39" timestamp="2018-02-14T11:19:30.604-05:00[America/New_York]"><testcase name="Homepage - Header - All the menu links on the &quot;Get Assistance&quot; tab"/><testcase name="Homepage - Header - All the menu links on the &quot;Information&quot; tab"/><testcase name="Homepage - Header - All the menu links on the &quot;About Us&quot; tab"/><testcase name="Homepage - Header - All the menu links on the &quot;Help&quot; tab"/><testcase name="Homepage - Key Links - Main links on homepage to assert that the pages open correctly"/><testcase name="Homepage - Currently declared disasters - States in the declared disaster map are clickable"/><testcase name="Homepage - Currently declared disasters - The declared states on the declared disaster map"/><testcase name="Homepage - Find Local Resources flows correctly"/><testcase name="News Feeds - All of the titles on the page"/><testcase name="Community Leaders - Results of the quick search items"/><testcase name="Homepage - Address Look-Up - Declared disasters"/><testcase name="Address Look-Up - Declared disasters"/><testcase name="Find Assistance - Benefits results display according to use cases"/><testcase name="Find Assistance - Dynamically verify results of the questionnaire"/><testcase name="Find Assistance - All the functionality of the FOA questionnaire"/><testcase name="News Feeds - FEMA Twitter feed is present"/><testcase name="Forms of Assistance - Category Type filter with the first seven types"/><testcase name="Forms of Assistance - Category Type filter with the next eight types"/><testcase name="Forms of Assistance - Federal Agency filter with the first seven types"><failure message="The following error occurred: Expected enabled element was not enabled" type="net.thucydides.core.webdriver.exceptions.ElementShouldBeEnabledException">The following error occurred: Expected enabled element was not enabled</failure><system-err>The following error occurred: Expected enabled element was not enabled
gov.daip.d8.test.pageObject.DALandingPage.clickFirstSevenFederalAgencies(DALandingPage.java:280)
gov.daip.d8.test.User.clickFederalAgency(User.java:482)
gov.daip.d8.test.DailyRegressionSteps.when_I_click_on_federal_agency_and_check_first_seven(DailyRegressionSteps.java:368)
</system-err></testcase><testcase name="Forms of Assistance - Federal Agency filter with the next seven types"/><testcase name="Homepage - &quot;Apply Online&quot; DAC page includes mobile string"><skipped/></testcase><testcase name="Homepage - &quot;Check Status&quot; DAC page includes mobile string"><skipped/></testcase><testcase name="Homepage - &quot;Apply Online&quot; from the questionnaire DAC page includes mobile string"><skipped/></testcase></testsuite>