<?xml version="1.0" encoding="UTF-8"?><testsuite errors="1" failures="7" name="Regression checklist" skipped="2" tests="100" time="532.57" timestamp="2018-03-15T12:00:58.160-04:00[America/New_York]"><testcase name="Homepage - Header - All the menu links on the &quot;Get Assistance&quot; tab"/><testcase name="Homepage - Header - All the menu links on the &quot;Information&quot; tab"/><testcase name="Homepage - Header - All the menu links on the &quot;About Us&quot; tab"/><testcase name="Homepage - Header - All the menu links on the &quot;Help&quot; tab"/><testcase name="Homepage - Key Links - Main links on homepage to assert that the pages open correctly"/><testcase name="Homepage - Currently declared disasters - States in the declared disaster map are clickable"/><testcase name="Homepage - Currently declared disasters - The declared states on the declared disaster map"/><testcase name="Homepage - Find Local Resources flows correctly"/><testcase name="News Feeds - All of the titles on the page"/><testcase name="Community Leaders - Results of the quick search items"/><testcase name="Homepage - Address Look-Up - Declared disasters"/><testcase name="Address Look-Up - Declared disasters"/><testcase name="Find Assistance - Benefits results display according to use cases"/><testcase name="Find Assistance - Dynamically verify results of the questionnaire"><failure message="expected:&lt;0&gt; but was:&lt;63&gt;" type="java.lang.AssertionError">expected:&lt;0&gt; but was:&lt;63&gt;</failure><system-err>expected:&lt;0&gt; but was:&lt;63&gt;
gov.daip.d8.test.User.checkResults(User.java:387)
gov.daip.d8.test.DailyRegressionSteps.then_i_should_accumulate_same_number_of_results_as_get_results_button(DailyRegressionSteps.java:263)
</system-err></testcase><testcase name="Find Assistance - All the functionality of the FOA questionnaire"/><testcase name="News Feeds - FEMA Twitter feed is present"/><testcase name="Forms of Assistance - Category Type filter with the first seven types"/><testcase name="Forms of Assistance - Category Type filter with the next eight types"/><testcase name="Forms of Assistance - Federal Agency filter with the first seven types"/><testcase name="Forms of Assistance - Federal Agency filter with the next seven types"/><testcase name="Homepage - &quot;Apply Online&quot; DAC page includes mobile flag"><skipped/></testcase><testcase name="Homepage - &quot;Check Status&quot; DAC page includes mobile flag"><skipped/></testcase><testcase name="Community Leaders - Type keyword into search bar"><error message="The following error occurred: Timed out after 2 seconds. Element not found&#10;For documentation on this error, please visit: http://seleniumhq.org/exceptions/no_such_element.html&#10;Build info: version: '3.7.0', revision: '2321c73', time: '2017-11-02T22:22:35.584Z'&#10;System info: host: 'c02rj1fvfvh8.users.bah.com', ip: 'fe80:0:0:0:cfe:5844:dc78:ef74%en0', os.name: 'Mac OS X', os.arch: 'x86_64', os.version: '10.12.6', java.version: '1.8.0_101'&#10;Driver info: driver.version: unknown" type="org.openqa.selenium.NoSuchElementException">The following error occurred: Timed out after 2 seconds. Element not found
For documentation on this error, please visit: http://seleniumhq.org/exceptions/no_such_element.html
Build info: version: '3.7.0', revision: '2321c73', time: '2017-11-02T22:22:35.584Z'
System info: host: 'c02rj1fvfvh8.users.bah.com', ip: 'fe80:0:0:0:cfe:5844:dc78:ef74%en0', os.name: 'Mac OS X', os.arch: 'x86_64', os.version: '10.12.6', java.version: '1.8.0_101'
Driver info: driver.version: unknown</error><system-err>The following error occurred: Timed out after 2 seconds. Element not found
For documentation on this error, please visit: http://seleniumhq.org/exceptions/no_such_element.html
Build info: version: '3.7.0', revision: '2321c73', time: '2017-11-02T22:22:35.584Z'
System info: host: 'c02rj1fvfvh8.users.bah.com', ip: 'fe80:0:0:0:cfe:5844:dc78:ef74%en0', os.name: 'Mac OS X', os.arch: 'x86_64', os.version: '10.12.6', java.version: '1.8.0_101'
Driver info: driver.version: unknown
gov.daip.d8.test.pageObject.DALandingPage.communityResults(DALandingPage.java:204)
gov.daip.d8.test.User.quickSearchResults(User.java:333)
gov.daip.d8.test.DailyRegressionSteps.thenShouldIncludeSearchWords(DailyRegressionSteps.java:195)
</system-err></testcase><testcase name="Sitemap - All links in Sitemap point to the right page"><failure message="expected:&lt;[immediate needs]&gt; but was:&lt;[sitemap]&gt;" type="org.junit.ComparisonFailure">expected:&lt;[immediate needs]&gt; but was:&lt;[sitemap]&gt;</failure><system-err>expected:&lt;[immediate needs]&gt; but was:&lt;[sitemap]&gt;
gov.daip.d8.test.User.shouldSeePage(User.java:190)
gov.daip.d8.test.DailyRegressionSteps.then_the_menu_links_page_should_open_correctly(DailyRegressionSteps.java:72)
</system-err></testcase></testsuite>