<?xml version="1.0" encoding="UTF-8"?><testsuite errors="2" failures="1" name="Regression checklist" skipped="3" tests="113" time="632.88" timestamp="2018-05-03T11:38:04.509-04:00[America/New_York]"><testcase name="Homepage - Header - All the menu links on the &quot;Get Assistance&quot; tab"/><testcase name="Homepage - Header - All the menu links on the &quot;Information&quot; tab"/><testcase name="Homepage - Header - All the menu links on the &quot;About Us&quot; tab"/><testcase name="Homepage - Header - All the menu links on the &quot;Help&quot; tab"/><testcase name="Homepage - Key Links - Main links on homepage to assert that the pages open correctly"/><testcase name="Homepage - Currently declared disasters - States in the declared disaster map are clickable"/><testcase name="Homepage - Currently declared disasters - The declared states on the declared disaster map"/><testcase name="Homepage - Find Local Resources flows correctly"/><testcase name="News Feeds - All of the titles on the page"/><testcase name="Community Leaders - Results of the quick search items"/><testcase name="Homepage - Address Look-Up - Declared disasters"><error message="The following error occurred: Expected condition failed: waiting for DAHomepage.declaredDisasterDAC to be displayed (tried for 5 second(s) with 100 MILLISECONDS interval)&#10;Build info: version: '3.7.0', revision: '2321c73', time: '2017-11-02T22:22:35.584Z'&#10;System info: host: 'C02RJ1FVFVH8.local', ip: 'fe80:0:0:0:876:fc88:510f:f567%en0', os.name: 'Mac OS X', os.arch: 'x86_64', os.version: '10.12.6', java.version: '1.8.0_101'&#10;Driver info: driver.version: unknown" type="org.openqa.selenium.NoSuchElementException">The following error occurred: Expected condition failed: waiting for DAHomepage.declaredDisasterDAC to be displayed (tried for 5 second(s) with 100 MILLISECONDS interval)
Build info: version: '3.7.0', revision: '2321c73', time: '2017-11-02T22:22:35.584Z'
System info: host: 'C02RJ1FVFVH8.local', ip: 'fe80:0:0:0:876:fc88:510f:f567%en0', os.name: 'Mac OS X', os.arch: 'x86_64', os.version: '10.12.6', java.version: '1.8.0_101'
Driver info: driver.version: unknown</error><system-err>The following error occurred: Expected condition failed: waiting for DAHomepage.declaredDisasterDAC to be displayed (tried for 5 second(s) with 100 MILLISECONDS interval)
Build info: version: '3.7.0', revision: '2321c73', time: '2017-11-02T22:22:35.584Z'
System info: host: 'C02RJ1FVFVH8.local', ip: 'fe80:0:0:0:876:fc88:510f:f567%en0', os.name: 'Mac OS X', os.arch: 'x86_64', os.version: '10.12.6', java.version: '1.8.0_101'
Driver info: driver.version: unknown
gov.daip.d8.test.pageObject.DAHomepage.getDeclaredDisasterState(DAHomepage.java:563)
gov.daip.d8.test.pageObject.DAHomepage.typeAddressLookUp(DAHomepage.java:586)
gov.daip.d8.test.User.declaredDisasters(User.java:436)
gov.daip.d8.test.DailyRegressionSteps.whenTypeDeclaredDisasterIntoAddressLookUpBar(DailyRegressionSteps.java:206)
</system-err></testcase><testcase name="Address Look-Up - Declared disasters"><error message="The following error occurred: Expected condition failed: waiting for DAHomepage.declaredDisasterDAC to be displayed (tried for 5 second(s) with 100 MILLISECONDS interval)&#10;Build info: version: '3.7.0', revision: '2321c73', time: '2017-11-02T22:22:35.584Z'&#10;System info: host: 'C02RJ1FVFVH8.local', ip: 'fe80:0:0:0:876:fc88:510f:f567%en0', os.name: 'Mac OS X', os.arch: 'x86_64', os.version: '10.12.6', java.version: '1.8.0_101'&#10;Driver info: driver.version: unknown" type="org.openqa.selenium.NoSuchElementException">The following error occurred: Expected condition failed: waiting for DAHomepage.declaredDisasterDAC to be displayed (tried for 5 second(s) with 100 MILLISECONDS interval)
Build info: version: '3.7.0', revision: '2321c73', time: '2017-11-02T22:22:35.584Z'
System info: host: 'C02RJ1FVFVH8.local', ip: 'fe80:0:0:0:876:fc88:510f:f567%en0', os.name: 'Mac OS X', os.arch: 'x86_64', os.version: '10.12.6', java.version: '1.8.0_101'
Driver info: driver.version: unknown</error><system-err>The following error occurred: Expected condition failed: waiting for DAHomepage.declaredDisasterDAC to be displayed (tried for 5 second(s) with 100 MILLISECONDS interval)
Build info: version: '3.7.0', revision: '2321c73', time: '2017-11-02T22:22:35.584Z'
System info: host: 'C02RJ1FVFVH8.local', ip: 'fe80:0:0:0:876:fc88:510f:f567%en0', os.name: 'Mac OS X', os.arch: 'x86_64', os.version: '10.12.6', java.version: '1.8.0_101'
Driver info: driver.version: unknown
gov.daip.d8.test.pageObject.DAHomepage.getDeclaredDisasterCounty(DAHomepage.java:575)
gov.daip.d8.test.pageObject.DAHomepage.typeAddressLookUpPage(DAHomepage.java:602)
gov.daip.d8.test.User.declaredDisastersPage(User.java:441)
gov.daip.d8.test.DailyRegressionSteps.whenTypeDeclaredDisasterIntoAddressLookUpBarFromAddressPage(DailyRegressionSteps.java:223)
</system-err></testcase><testcase name="Find Assistance - Benefits results display according to use cases"/><testcase name="Find Assistance - Dynamically verify results of the questionnaire"><failure message="expected:&lt;62&gt; but was:&lt;63&gt;" type="java.lang.AssertionError">expected:&lt;62&gt; but was:&lt;63&gt;</failure><system-err>expected:&lt;62&gt; but was:&lt;63&gt;
gov.daip.d8.test.User.checkResults(User.java:480)
gov.daip.d8.test.DailyRegressionSteps.then_i_should_accumulate_same_number_of_results_as_get_results_button(DailyRegressionSteps.java:263)
</system-err></testcase><testcase name="Find Assistance - All the functionality of the FOA questionnaire"/><testcase name="News Feeds - FEMA Twitter feed is present"/><testcase name="Forms of Assistance - Category Type filter with the first seven types"/><testcase name="Forms of Assistance - Category Type filter with the next eight types"/><testcase name="Forms of Assistance - Federal Agency filter with the first seven types"/><testcase name="Forms of Assistance - Federal Agency filter with the next seven types"><skipped/></testcase><testcase name="Homepage - &quot;Apply Online&quot; DAC page includes mobile flag"><skipped/></testcase><testcase name="Homepage - &quot;Check Status&quot; DAC page includes mobile flag"><skipped/></testcase><testcase name="Community Leaders - Type keyword into search bar"/><testcase name="Sitemap - All links in Sitemap point to the right page"/><testcase name="Homepage - Footer - All the links in &quot;Additional Links&quot;"/><testcase name="Homepage - USA search feeds display results"/><testcase name="Homepage - Apply Online - Verify the redirection from DAC when RI is cancelled"/></testsuite>