<?xml version="1.0" encoding="UTF-8"?><testsuite errors="4" failures="0" name="Regression checklist spanish" skipped="0" tests="47" time="845.24" timestamp="2018-02-21T11:45:20.671-05:00[America/New_York]"><testcase name="(Spanish) Homepage - Header - All the menu links on the &quot;Get Assistance&quot; tab"/><testcase name="(Spanish) Homepage - Header - All the menu links on the &quot;Information&quot; tab"><error message="The following error occurred: timeout&#10;  (Session info: chrome=64.0.3282.140)&#10;  (Driver info: chromedriver=2.33.506106 (8a06c39c4582fbfbab6966dbb1c38a9173bfb1a2),platform=Mac OS X 10.12.6 x86_64) (WARNING: The server did not provide any stacktrace information)&#10;Command duration or timeout: 0 milliseconds&#10;Build info: version: '3.7.0', revision: '2321c73', time: '2017-11-02T22:22:35.584Z'&#10;System info: host: 'c02rj1fvfvh8.users.bah.com', ip: 'fe80:0:0:0:1866:31ab:dfb:da03%en0', os.name: 'Mac OS X', os.arch: 'x86_64', os.version: '10.12.6', java.version: '1.8.0_101'&#10;Driver info: org.openqa.selenium.remote.RemoteWebDriver&#10;Capabilities {acceptSslCerts: true, applicationCacheEnabled: false, browserConnectionEnabled: false, browserName: chrome, chrome: {chromedriverVersion: 2.33.506106 (8a06c39c4582fb..., userDataDir: /var/folders/th/f_1pl30d6ns...}, cssSelectorsEnabled: true, databaseEnabled: false, handlesAlerts: true, hasTouchScreen: false, javascriptEnabled: true, locationContextEnabled: true, mobileEmulationEnabled: false, nativeEvents: true, networkConnectionEnabled: false, pageLoadStrategy: normal, platform: MAC, platformName: MAC, rotatable: false, setWindowRect: true, takesHeapSnapshot: true, takesScreenshot: true, unexpectedAlertBehaviour: , unhandledPromptBehavior: , version: 64.0.3282.140, webStorageEnabled: true}&#10;Session ID: 943e1b9d6bb0d0000fb4672d3809742c" type="org.openqa.selenium.TimeoutException">The following error occurred: timeout
  (Session info: chrome=64.0.3282.140)
  (Driver info: chromedriver=2.33.506106 (8a06c39c4582fbfbab6966dbb1c38a9173bfb1a2),platform=Mac OS X 10.12.6 x86_64) (WARNING: The server did not provide any stacktrace information)
Command duration or timeout: 0 milliseconds
Build info: version: '3.7.0', revision: '2321c73', time: '2017-11-02T22:22:35.584Z'
System info: host: 'c02rj1fvfvh8.users.bah.com', ip: 'fe80:0:0:0:1866:31ab:dfb:da03%en0', os.name: 'Mac OS X', os.arch: 'x86_64', os.version: '10.12.6', java.version: '1.8.0_101'
Driver info: org.openqa.selenium.remote.RemoteWebDriver
Capabilities {acceptSslCerts: true, applicationCacheEnabled: false, browserConnectionEnabled: false, browserName: chrome, chrome: {chromedriverVersion: 2.33.506106 (8a06c39c4582fb..., userDataDir: /var/folders/th/f_1pl30d6ns...}, cssSelectorsEnabled: true, databaseEnabled: false, handlesAlerts: true, hasTouchScreen: false, javascriptEnabled: true, locationContextEnabled: true, mobileEmulationEnabled: false, nativeEvents: true, networkConnectionEnabled: false, pageLoadStrategy: normal, platform: MAC, platformName: MAC, rotatable: false, setWindowRect: true, takesHeapSnapshot: true, takesScreenshot: true, unexpectedAlertBehaviour: , unhandledPromptBehavior: , version: 64.0.3282.140, webStorageEnabled: true}
Session ID: 943e1b9d6bb0d0000fb4672d3809742c</error><system-err>The following error occurred: timeout
  (Session info: chrome=64.0.3282.140)
  (Driver info: chromedriver=2.33.506106 (8a06c39c4582fbfbab6966dbb1c38a9173bfb1a2),platform=Mac OS X 10.12.6 x86_64) (WARNING: The server did not provide any stacktrace information)
Command duration or timeout: 0 milliseconds
Build info: version: '3.7.0', revision: '2321c73', time: '2017-11-02T22:22:35.584Z'
System info: host: 'c02rj1fvfvh8.users.bah.com', ip: 'fe80:0:0:0:1866:31ab:dfb:da03%en0', os.name: 'Mac OS X', os.arch: 'x86_64', os.version: '10.12.6', java.version: '1.8.0_101'
Driver info: org.openqa.selenium.remote.RemoteWebDriver
Capabilities {acceptSslCerts: true, applicationCacheEnabled: false, browserConnectionEnabled: false, browserName: chrome, chrome: {chromedriverVersion: 2.33.506106 (8a06c39c4582fb..., userDataDir: /var/folders/th/f_1pl30d6ns...}, cssSelectorsEnabled: true, databaseEnabled: false, handlesAlerts: true, hasTouchScreen: false, javascriptEnabled: true, locationContextEnabled: true, mobileEmulationEnabled: false, nativeEvents: true, networkConnectionEnabled: false, pageLoadStrategy: normal, platform: MAC, platformName: MAC, rotatable: false, setWindowRect: true, takesHeapSnapshot: true, takesScreenshot: true, unexpectedAlertBehaviour: , unhandledPromptBehavior: , version: 64.0.3282.140, webStorageEnabled: true}
Session ID: 943e1b9d6bb0d0000fb4672d3809742c
gov.daip.d8.test.pageObject.DAHomepage.clickNewsFeeds(DAHomepage.java:223)
gov.daip.d8.test.User.clickInfoMenuLinks(User.java:91)
gov.daip.d8.test.DailyRegressionSteps.when_i_click_on_the_menu_links_in_information_tab(DailyRegressionSteps.java:78)
</system-err></testcase><testcase name="(Spanish) Homepage - Header - All the menu links on the &quot;About Us&quot; tab"/><testcase name="(Spanish) Homepage - Header - All the menu links on the &quot;Help&quot; tab"/><testcase name="(Spanish) Homepage - Key Links - Main links on homepage to assert that the Spanish pages open correctly"/><testcase name="(Spanish) Homepage - Currently declared disasters - States in the Spanish declared disaster map are clickable"/><testcase name="(Spanish) Homepage - Currently declared disasters - The declared states on the declared disaster map"/><testcase name="(Spanish) Homepage - Find Local Resources flows correctly in Spanish"/><testcase name="(Spanish) News Feeds - All of the titles on the page"/><testcase name="(Spanish) Community Leaders - Results of the quick search items"><error message="The following error occurred: Timed out after 2 seconds. Element not found&#10;For documentation on this error, please visit: http://seleniumhq.org/exceptions/no_such_element.html&#10;Build info: version: '3.7.0', revision: '2321c73', time: '2017-11-02T22:22:35.584Z'&#10;System info: host: 'c02rj1fvfvh8.users.bah.com', ip: 'fe80:0:0:0:1866:31ab:dfb:da03%en0', os.name: 'Mac OS X', os.arch: 'x86_64', os.version: '10.12.6', java.version: '1.8.0_101'&#10;Driver info: driver.version: unknown" type="org.openqa.selenium.NoSuchElementException">The following error occurred: Timed out after 2 seconds. Element not found
For documentation on this error, please visit: http://seleniumhq.org/exceptions/no_such_element.html
Build info: version: '3.7.0', revision: '2321c73', time: '2017-11-02T22:22:35.584Z'
System info: host: 'c02rj1fvfvh8.users.bah.com', ip: 'fe80:0:0:0:1866:31ab:dfb:da03%en0', os.name: 'Mac OS X', os.arch: 'x86_64', os.version: '10.12.6', java.version: '1.8.0_101'
Driver info: driver.version: unknown</error><system-err>The following error occurred: Timed out after 2 seconds. Element not found
For documentation on this error, please visit: http://seleniumhq.org/exceptions/no_such_element.html
Build info: version: '3.7.0', revision: '2321c73', time: '2017-11-02T22:22:35.584Z'
System info: host: 'c02rj1fvfvh8.users.bah.com', ip: 'fe80:0:0:0:1866:31ab:dfb:da03%en0', os.name: 'Mac OS X', os.arch: 'x86_64', os.version: '10.12.6', java.version: '1.8.0_101'
Driver info: driver.version: unknown
gov.daip.d8.test.pageObject.DALandingPage.communityResults(DALandingPage.java:195)
gov.daip.d8.test.User.quickSearchResults(User.java:330)
gov.daip.d8.test.DailyRegressionSteps.thenShouldIncludeSearchWords(DailyRegressionSteps.java:192)
</system-err></testcase><testcase name="(Spanish) Homepage - Address Look-Up - Declared disasters"/><testcase name="(Spanish) Address Look-Up - Declared disasters"/><testcase name="(Spanish) Find Assistance - Spanish benefits results display according to use cases"/><testcase name="(Spanish) Find Assistance - Dynamically verify results of the questionnaire"/><testcase name="(Spanish) Find Assistance - All the functionality of the FOA questionnaire"/><testcase name="(Spanish) News Feeds - FEMA Twitter feed is present"/><testcase name="(Spanish) Forms of Assistance - Category Type filter with the first seven types"/><testcase name="(Spanish) Forms of Assistance - Category Type filter with the next eight types"/><testcase name="(Spanish) Forms of Assistance - Federal Agency filter with the first seven types"/><testcase name="(Spanish) Forms of Assistance - Federal Agency filter with the next seven types"/></testsuite>