<?xml version="1.0" encoding="UTF-8"?><testsuite errors="1" failures="0" name="Regression checklist" skipped="0" tests="46" time="567.49" timestamp="2018-02-07T10:09:38.501-05:00[America/New_York]"><testcase name="Homepage - Header - All the menu links on the &quot;Get Assistance&quot; tab"/><testcase name="Homepage - Header - All the menu links on the &quot;Information&quot; tab"/><testcase name="Homepage - Header - All the menu links on the &quot;About Us&quot; tab"/><testcase name="Homepage - Header - All the menu links on the &quot;Help&quot; tab"/><testcase name="Homepage - Key Links - Main links on homepage to assert that the pages open correctly"/><testcase name="Homepage - Currently declared disasters - States in the declared disaster map are clickable"/><testcase name="Homepage - Currently declared disasters - The declared states on the declared disaster map"/><testcase name="Homepage - Find Local Resources flows correctly"/><testcase name="News Feeds - All of the titles on the page"/><testcase name="Community Leaders - Results of the quick search items"/><testcase name="Homepage - Address Look-Up - Declared disasters"><error message="1" type="java.lang.ArrayIndexOutOfBoundsException">1</error><system-err>1
gov.daip.d8.test.pageObject.DAHomepage.getDeclaredDisasterCounty(DAHomepage.java:440)
gov.daip.d8.test.pageObject.DAHomepage.typeAddressLookUp(DAHomepage.java:450)
gov.daip.d8.test.User.declaredDisasters(User.java:340)
gov.daip.d8.test.DailyRegressionSteps.whenTypeDeclaredDisasterIntoAddressLookUpBar(DailyRegressionSteps.java:203)
</system-err></testcase><testcase name="Find Assistance - Benefits results display according to use cases"/><testcase name="Find Assistance - Dynamically verify results of the questionnaire"/><testcase name="Find Assistance - All the functionality of the FOA questionnaire"/><testcase name="News Feeds - FEMA Twitter feed is present"/><testcase name="Forms of Assistance - Category Type filter with the first seven types"/><testcase name="Forms of Assistance - Category Type filter with the next eight types"/><testcase name="Forms of Assistance - Federal Agency filter with the first seven types"/><testcase name="Forms of Assistance - Federal Agency filter with the next seven types"/></testsuite>