<?xml version="1.0" encoding="UTF-8"?><testsuite errors="4" failures="1" name="Regression checklist spanish" skipped="0" tests="111" time="794.78" timestamp="2018-04-25T11:41:43.616-04:00[America/New_York]"><testcase name="(Spanish) Homepage - Header - All the menu links on the &quot;Get Assistance&quot; tab"/><testcase name="(Spanish) Homepage - Header - All the menu links on the &quot;Information&quot; tab"/><testcase name="(Spanish) Homepage - Header - All the menu links on the &quot;About Us&quot; tab"/><testcase name="(Spanish) Homepage - Header - All the menu links on the &quot;Help&quot; tab"/><testcase name="(Spanish) Homepage - Key Links - Main links on homepage to assert that the Spanish pages open correctly"/><testcase name="(Spanish) Homepage - Currently declared disasters - States in the Spanish declared disaster map are clickable"/><testcase name="(Spanish) Homepage - Currently declared disasters - The declared states on the declared disaster map"/><testcase name="(Spanish) Homepage - Find Local Resources flows correctly in Spanish"/><testcase name="(Spanish) News Feeds - All of the titles on the page"/><testcase name="(Spanish) Community Leaders - Results of the quick search items"><error message="The following error occurred: Timed out after 2 seconds. Element not found&#10;For documentation on this error, please visit: http://seleniumhq.org/exceptions/no_such_element.html&#10;Build info: version: '3.7.0', revision: '2321c73', time: '2017-11-02T22:22:35.584Z'&#10;System info: host: 'c02rj1fvfvh8.users.bah.com', ip: 'fe80:0:0:0:41a:3456:ce40:b33c%en0', os.name: 'Mac OS X', os.arch: 'x86_64', os.version: '10.12.6', java.version: '1.8.0_101'&#10;Driver info: driver.version: unknown" type="org.openqa.selenium.NoSuchElementException">The following error occurred: Timed out after 2 seconds. Element not found
For documentation on this error, please visit: http://seleniumhq.org/exceptions/no_such_element.html
Build info: version: '3.7.0', revision: '2321c73', time: '2017-11-02T22:22:35.584Z'
System info: host: 'c02rj1fvfvh8.users.bah.com', ip: 'fe80:0:0:0:41a:3456:ce40:b33c%en0', os.name: 'Mac OS X', os.arch: 'x86_64', os.version: '10.12.6', java.version: '1.8.0_101'
Driver info: driver.version: unknown</error><system-err>The following error occurred: Timed out after 2 seconds. Element not found
For documentation on this error, please visit: http://seleniumhq.org/exceptions/no_such_element.html
Build info: version: '3.7.0', revision: '2321c73', time: '2017-11-02T22:22:35.584Z'
System info: host: 'c02rj1fvfvh8.users.bah.com', ip: 'fe80:0:0:0:41a:3456:ce40:b33c%en0', os.name: 'Mac OS X', os.arch: 'x86_64', os.version: '10.12.6', java.version: '1.8.0_101'
Driver info: driver.version: unknown
gov.daip.d8.test.pageObject.DALandingPage.communityResults(DALandingPage.java:206)
gov.daip.d8.test.User.quickSearchResults(User.java:426)
gov.daip.d8.test.DailyRegressionSteps.thenShouldIncludeSearchWords(DailyRegressionSteps.java:195)
</system-err></testcase><testcase name="(Spanish) Homepage - Address Look-Up - Declared disasters"/><testcase name="(Spanish) Address Look-Up - Declared disasters"/><testcase name="(Spanish) Find Assistance - Spanish benefits results display according to use cases"/><testcase name="(Spanish) Find Assistance - Dynamically verify results of the questionnaire"/><testcase name="(Spanish) Find Assistance - All the functionality of the FOA questionnaire"/><testcase name="(Spanish) News Feeds - FEMA Twitter feed is present"/><testcase name="(Spanish) Forms of Assistance - Category Type filter with the first seven types"/><testcase name="(Spanish) Forms of Assistance - Category Type filter with the next eight types"/><testcase name="(Spanish) Forms of Assistance - Federal Agency filter with the first seven types"/><testcase name="(Spanish) Forms of Assistance - Federal Agency filter with the next seven types"/><testcase name="(Spanish) Community Leaders - Type keyword into search bar"/><testcase name="(Spanish) Sitemap - All links in Sitemap point to the right page"/><testcase name="(Spanish) Homepage - Footer - All the links in &quot;Additional Links&quot;"><failure message="expected:&lt;P[olítica de Privacidad]&gt; but was:&lt;P[rivacy Policy]&gt;" type="org.junit.ComparisonFailure">expected:&lt;P[olítica de Privacidad]&gt; but was:&lt;P[rivacy Policy]&gt;</failure><system-err>expected:&lt;P[olítica de Privacidad]&gt; but was:&lt;P[rivacy Policy]&gt;
gov.daip.d8.test.User.shouldSeePage(User.java:232)
gov.daip.d8.test.DailyRegressionSteps.then_the_additional_link_page_should_open_correctly(DailyRegressionSteps.java:452)
</system-err></testcase><testcase name="(Spanish) Homepage - USA search feeds display results"/><testcase name="(Spanish) Homepage - Apply Online - Verify the redirection from DAC when RI is cancelled"/></testsuite>