<?xml version="1.0" encoding="UTF-8"?><testsuite errors="0" failures="0" name="Regression checklist" skipped="3" tests="50" time="393.7" timestamp="2018-02-28T10:35:04.984-05:00[America/New_York]"><testcase name="Homepage - Header - All the menu links on the &quot;Get Assistance&quot; tab"/><testcase name="Homepage - Header - All the menu links on the &quot;Information&quot; tab"/><testcase name="Homepage - Header - All the menu links on the &quot;About Us&quot; tab"/><testcase name="Homepage - Header - All the menu links on the &quot;Help&quot; tab"/><testcase name="Homepage - Key Links - Main links on homepage to assert that the pages open correctly"/><testcase name="Homepage - Currently declared disasters - States in the declared disaster map are clickable"/><testcase name="Homepage - Currently declared disasters - The declared states on the declared disaster map"/><testcase name="Homepage - Find Local Resources flows correctly"/><testcase name="News Feeds - All of the titles on the page"/><testcase name="Community Leaders - Results of the quick search items"/><testcase name="Homepage - Address Look-Up - Declared disasters"/><testcase name="Address Look-Up - Declared disasters"/><testcase name="Find Assistance - Benefits results display according to use cases"/><testcase name="Find Assistance - Dynamically verify results of the questionnaire"/><testcase name="Find Assistance - All the functionality of the FOA questionnaire"/><testcase name="News Feeds - FEMA Twitter feed is present"/><testcase name="Forms of Assistance - Category Type filter with the first seven types"/><testcase name="Forms of Assistance - Category Type filter with the next eight types"/><testcase name="Forms of Assistance - Federal Agency filter with the first seven types"/><testcase name="Forms of Assistance - Federal Agency filter with the next seven types"/><testcase name="Homepage - &quot;Apply Online&quot; DAC page includes mobile string"><skipped/></testcase><testcase name="Homepage - &quot;Check Status&quot; DAC page includes mobile string"><skipped/></testcase><testcase name="Homepage - &quot;Apply Online&quot; from the questionnaire DAC page includes mobile string"><skipped/></testcase></testsuite>