<?xml version="1.0" encoding="UTF-8"?><testsuite errors="1" failures="6" name="Regression checklist" skipped="3" tests="101" time="475.94" timestamp="2018-03-16T16:29:50.111-04:00[America/New_York]"><testcase name="Homepage - Header - All the menu links on the &quot;Get Assistance&quot; tab"/><testcase name="Homepage - Header - All the menu links on the &quot;Information&quot; tab"/><testcase name="Homepage - Header - All the menu links on the &quot;About Us&quot; tab"/><testcase name="Homepage - Header - All the menu links on the &quot;Help&quot; tab"/><testcase name="Homepage - Key Links - Main links on homepage to assert that the pages open correctly"/><testcase name="Homepage - Currently declared disasters - States in the declared disaster map are clickable"/><testcase name="Homepage - Currently declared disasters - The declared states on the declared disaster map"/><testcase name="Homepage - Find Local Resources flows correctly"/><testcase name="News Feeds - All of the titles on the page"/><testcase name="Community Leaders - Results of the quick search items"/><testcase name="Homepage - Address Look-Up - Declared disasters"/><testcase name="Address Look-Up - Declared disasters"/><testcase name="Find Assistance - Benefits results display according to use cases"/><testcase name="Find Assistance - Dynamically verify results of the questionnaire"/><testcase name="Find Assistance - All the functionality of the FOA questionnaire"/><testcase name="News Feeds - FEMA Twitter feed is present"/><testcase name="Forms of Assistance - Category Type filter with the first seven types"/><testcase name="Forms of Assistance - Category Type filter with the next eight types"/><testcase name="Forms of Assistance - Federal Agency filter with the first seven types"/><testcase name="Forms of Assistance - Federal Agency filter with the next seven types"><error message="The following error occurred: unknown error: Element &lt;input data-drupal-selector=&quot;edit-agency-title-list-opm&quot; class=&quot;form-checkbox&quot; type=&quot;checkbox&quot; id=&quot;edit-agency-title-list-opm&quot; name=&quot;agency_title_list[OPM]&quot; value=&quot;OPM&quot;&gt; is not clickable at point (70, 7). Other element would receive the click: &lt;nav class=&quot;navbar-desktop-region navbar-fixed-top navbar hidden-xs hidden-sm&quot;&gt;...&lt;/nav&gt;&#10;  (Session info: chrome=65.0.3325.146)&#10;  (Driver info: chromedriver=2.36.540469 (1881fd7f8641508feb5166b7cae561d87723cfa8),platform=Mac OS X 10.12.6 x86_64) (WARNING: The server did not provide any stacktrace information)&#10;Command duration or timeout: 0 milliseconds&#10;Build info: version: '3.7.0', revision: '2321c73', time: '2017-11-02T22:22:35.584Z'&#10;System info: host: 'C02RJ1FVFVH8.local', ip: 'fe80:0:0:0:10ac:5584:7dd:677%en0', os.name: 'Mac OS X', os.arch: 'x86_64', os.version: '10.12.6', java.version: '1.8.0_101'&#10;Driver info: org.openqa.selenium.remote.RemoteWebDriver&#10;Capabilities {acceptInsecureCerts: false, acceptSslCerts: false, applicationCacheEnabled: false, browserConnectionEnabled: false, browserName: chrome, chrome: {chromedriverVersion: 2.36.540469 (1881fd7f864150..., userDataDir: /var/folders/th/f_1pl30d6ns...}, cssSelectorsEnabled: true, databaseEnabled: false, handlesAlerts: true, hasTouchScreen: false, javascriptEnabled: true, locationContextEnabled: true, mobileEmulationEnabled: false, nativeEvents: true, networkConnectionEnabled: false, pageLoadStrategy: normal, platform: MAC, platformName: MAC, rotatable: false, setWindowRect: true, takesHeapSnapshot: true, takesScreenshot: true, unexpectedAlertBehaviour: , unhandledPromptBehavior: , version: 65.0.3325.146, webStorageEnabled: true}&#10;Session ID: a2c3e808baf11a57b26c510630744e62" type="org.openqa.selenium.WebDriverException">The following error occurred: unknown error: Element &lt;input data-drupal-selector="edit-agency-title-list-opm" class="form-checkbox" type="checkbox" id="edit-agency-title-list-opm" name="agency_title_list[OPM]" value="OPM"&gt; is not clickable at point (70, 7). Other element would receive the click: &lt;nav class="navbar-desktop-region navbar-fixed-top navbar hidden-xs hidden-sm"&gt;...&lt;/nav&gt;
  (Session info: chrome=65.0.3325.146)
  (Driver info: chromedriver=2.36.540469 (1881fd7f8641508feb5166b7cae561d87723cfa8),platform=Mac OS X 10.12.6 x86_64) (WARNING: The server did not provide any stacktrace information)
Command duration or timeout: 0 milliseconds
Build info: version: '3.7.0', revision: '2321c73', time: '2017-11-02T22:22:35.584Z'
System info: host: 'C02RJ1FVFVH8.local', ip: 'fe80:0:0:0:10ac:5584:7dd:677%en0', os.name: 'Mac OS X', os.arch: 'x86_64', os.version: '10.12.6', java.version: '1.8.0_101'
Driver info: org.openqa.selenium.remote.RemoteWebDriver
Capabilities {acceptInsecureCerts: false, acceptSslCerts: false, applicationCacheEnabled: false, browserConnectionEnabled: false, browserName: chrome, chrome: {chromedriverVersion: 2.36.540469 (1881fd7f864150..., userDataDir: /var/folders/th/f_1pl30d6ns...}, cssSelectorsEnabled: true, databaseEnabled: false, handlesAlerts: true, hasTouchScreen: false, javascriptEnabled: true, locationContextEnabled: true, mobileEmulationEnabled: false, nativeEvents: true, networkConnectionEnabled: false, pageLoadStrategy: normal, platform: MAC, platformName: MAC, rotatable: false, setWindowRect: true, takesHeapSnapshot: true, takesScreenshot: true, unexpectedAlertBehaviour: , unhandledPromptBehavior: , version: 65.0.3325.146, webStorageEnabled: true}
Session ID: a2c3e808baf11a57b26c510630744e62</error><system-err>The following error occurred: unknown error: Element &lt;input data-drupal-selector="edit-agency-title-list-opm" class="form-checkbox" type="checkbox" id="edit-agency-title-list-opm" name="agency_title_list[OPM]" value="OPM"&gt; is not clickable at point (70, 7). Other element would receive the click: &lt;nav class="navbar-desktop-region navbar-fixed-top navbar hidden-xs hidden-sm"&gt;...&lt;/nav&gt;
  (Session info: chrome=65.0.3325.146)
  (Driver info: chromedriver=2.36.540469 (1881fd7f8641508feb5166b7cae561d87723cfa8),platform=Mac OS X 10.12.6 x86_64) (WARNING: The server did not provide any stacktrace information)
Command duration or timeout: 0 milliseconds
Build info: version: '3.7.0', revision: '2321c73', time: '2017-11-02T22:22:35.584Z'
System info: host: 'C02RJ1FVFVH8.local', ip: 'fe80:0:0:0:10ac:5584:7dd:677%en0', os.name: 'Mac OS X', os.arch: 'x86_64', os.version: '10.12.6', java.version: '1.8.0_101'
Driver info: org.openqa.selenium.remote.RemoteWebDriver
Capabilities {acceptInsecureCerts: false, acceptSslCerts: false, applicationCacheEnabled: false, browserConnectionEnabled: false, browserName: chrome, chrome: {chromedriverVersion: 2.36.540469 (1881fd7f864150..., userDataDir: /var/folders/th/f_1pl30d6ns...}, cssSelectorsEnabled: true, databaseEnabled: false, handlesAlerts: true, hasTouchScreen: false, javascriptEnabled: true, locationContextEnabled: true, mobileEmulationEnabled: false, nativeEvents: true, networkConnectionEnabled: false, pageLoadStrategy: normal, platform: MAC, platformName: MAC, rotatable: false, setWindowRect: true, takesHeapSnapshot: true, takesScreenshot: true, unexpectedAlertBehaviour: , unhandledPromptBehavior: , version: 65.0.3325.146, webStorageEnabled: true}
Session ID: a2c3e808baf11a57b26c510630744e62
gov.daip.d8.test.pageObject.DALandingPage.clickNextFederalAgencies(DALandingPage.java:304)
gov.daip.d8.test.User.clickNextFederalAgency(User.java:501)
gov.daip.d8.test.DailyRegressionSteps.when_i_check_the_next_seven(DailyRegressionSteps.java:387)
</system-err></testcase><testcase name="Homepage - &quot;Apply Online&quot; DAC page includes mobile flag"><skipped/></testcase><testcase name="Homepage - &quot;Check Status&quot; DAC page includes mobile flag"><skipped/></testcase><testcase name="Community Leaders - Type keyword into search bar"/><testcase name="Sitemap - All links in Sitemap point to the right page"><failure message="expected:&lt;[immediate needs]&gt; but was:&lt;[sitemap]&gt;" type="org.junit.ComparisonFailure">expected:&lt;[immediate needs]&gt; but was:&lt;[sitemap]&gt;</failure><system-err>expected:&lt;[immediate needs]&gt; but was:&lt;[sitemap]&gt;
gov.daip.d8.test.User.shouldSeePage(User.java:190)
gov.daip.d8.test.DailyRegressionSteps.then_the_menu_links_page_should_open_correctly(DailyRegressionSteps.java:72)
</system-err></testcase><testcase name="Verify external feeds within DisasterAssistance.gov"><skipped/></testcase></testsuite>