<?xml version="1.0" encoding="UTF-8"?><testsuite errors="0" failures="2" name="Regression checklist" skipped="2" tests="113" time="764.19" timestamp="2018-04-19T11:04:57.325-04:00[America/New_York]"><testcase name="Homepage - Header - All the menu links on the &quot;Get Assistance&quot; tab"/><testcase name="Homepage - Header - All the menu links on the &quot;Information&quot; tab"/><testcase name="Homepage - Header - All the menu links on the &quot;About Us&quot; tab"/><testcase name="Homepage - Header - All the menu links on the &quot;Help&quot; tab"/><testcase name="Homepage - Key Links - Main links on homepage to assert that the pages open correctly"/><testcase name="Homepage - Currently declared disasters - States in the declared disaster map are clickable"/><testcase name="Homepage - Currently declared disasters - The declared states on the declared disaster map"/><testcase name="Homepage - Find Local Resources flows correctly"/><testcase name="News Feeds - All of the titles on the page"/><testcase name="Community Leaders - Results of the quick search items"/><testcase name="Homepage - Address Look-Up - Declared disasters"/><testcase name="Address Look-Up - Declared disasters"/><testcase name="Find Assistance - Benefits results display according to use cases"/><testcase name="Find Assistance - Dynamically verify results of the questionnaire"/><testcase name="Find Assistance - All the functionality of the FOA questionnaire"/><testcase name="News Feeds - FEMA Twitter feed is present"/><testcase name="Forms of Assistance - Category Type filter with the first seven types"/><testcase name="Forms of Assistance - Category Type filter with the next eight types"/><testcase name="Forms of Assistance - Federal Agency filter with the first seven types"/><testcase name="Forms of Assistance - Federal Agency filter with the next seven types"/><testcase name="Homepage - &quot;Apply Online&quot; DAC page includes mobile flag"><skipped/></testcase><testcase name="Homepage - &quot;Check Status&quot; DAC page includes mobile flag"><skipped/></testcase><testcase name="Community Leaders - Type keyword into search bar"/><testcase name="Sitemap - All links in Sitemap point to the right page"/><testcase name="Homepage - Footer - All the links in &quot;Additional Links&quot;"><failure message="expected:&lt;...www.usa.gov/business[]&gt; but was:&lt;...www.usa.gov/business[?source=busa]&gt;" type="org.junit.ComparisonFailure">expected:&lt;...www.usa.gov/business[]&gt; but was:&lt;...www.usa.gov/business[?source=busa]&gt;</failure><system-err>expected:&lt;...www.usa.gov/business[]&gt; but was:&lt;...www.usa.gov/business[?source=busa]&gt;
gov.daip.d8.test.User.shouldSeePage(User.java:280)
gov.daip.d8.test.DailyRegressionSteps.then_the_additional_link_page_should_open_correctly(DailyRegressionSteps.java:452)
</system-err></testcase><testcase name="Homepage - USA search feeds display results"><failure message="The following error occurred: Expected enabled element was not enabled" type="net.thucydides.core.webdriver.exceptions.ElementShouldBeEnabledException">The following error occurred: Expected enabled element was not enabled</failure><system-err>The following error occurred: Expected enabled element was not enabled
gov.daip.d8.test.pageObject.DAHomepage.typeIntoUSASearch(DAHomepage.java:707)
gov.daip.d8.test.User.typeIntoUSASearch(User.java:765)
gov.daip.d8.test.DailyRegressionSteps.when_type_into_USA_search(DailyRegressionSteps.java:459)
</system-err></testcase><testcase name="Homepage - Apply Online - Verify the redirection from DAC when RI is cancelled"/></testsuite>