<?xml version="1.0" encoding="UTF-8"?><testsuite errors="1" failures="0" name="Regression checklist" skipped="26" tests="120" time="1039.52" timestamp="2018-06-11T11:32:43.213-04:00[America/New_York]"><testcase name="Homepage - Header - All the menu links on the &quot;Get Assistance&quot; tab"/><testcase name="Homepage - Header - All the menu links on the &quot;Information&quot; tab"/><testcase name="Homepage - Header - All the menu links on the &quot;About Us&quot; tab"/><testcase name="Homepage - Header - All the menu links on the &quot;Help&quot; tab"/><testcase name="Homepage - Key Links - Main links on homepage to assert that the pages open correctly"/><testcase name="Homepage - Currently declared disasters - States in the declared disaster map are clickable"/><testcase name="Homepage - Currently declared disasters - The declared states on the declared disaster map"/><testcase name="Homepage - Find Local Resources flows correctly"/><testcase name="News Feeds - All of the titles on the page"/><testcase name="Community Leaders - Results of the quick search items"/><testcase name="Homepage - Address Look-Up - Declared disasters"/><testcase name="Address Look-Up - Declared disasters"/><testcase name="Find Assistance - Benefits results display according to use cases"/><testcase name="Find Assistance - Dynamically verify results of the questionnaire"/><testcase name="Find Assistance - All the functionality of the FOA questionnaire"/><testcase name="News Feeds - FEMA Twitter feed is present"><error message="Expected: &lt;3&gt;, actual value: &lt;0&gt;" type="gov.daip.d8.test.exceptions.FeedException">Expected: &lt;3&gt;, actual value: &lt;0&gt;</error><system-err>Expected: &lt;3&gt;, actual value: &lt;0&gt;
gov.daip.d8.test.pageObject.DALandingPage.checkTwitterFeed(DALandingPage.java:181)
gov.daip.d8.test.User.checkTwitterFeed(User.java:542)
gov.daip.d8.test.DailyRegressionSteps.then_the_most_recent_tweets_should_be_displayed(DailyRegressionSteps.java:322)
</system-err></testcase><testcase name="Forms of Assistance - Category Type filter with the first seven types"/><testcase name="Forms of Assistance - Category Type filter with the next eight types"/><testcase name="Forms of Assistance - Federal Agency filter with the first seven types"/><testcase name="Forms of Assistance - Federal Agency filter with the next seven types"><skipped/></testcase><testcase name="Homepage - &quot;Apply Online&quot; DAC page includes mobile flag"><skipped/></testcase><testcase name="Homepage - &quot;Check Status&quot; DAC page includes mobile flag"><skipped/></testcase><testcase name="Community Leaders - Type keyword into search bar"/><testcase name="Sitemap - All links in Sitemap point to the right page"/><testcase name="Homepage - Footer - All the links in &quot;Additional Links&quot;"><skipped/></testcase><testcase name="Homepage - USA search feeds display results"/><testcase name="Homepage - Apply Online - Verify the redirection from DAC when RI is cancelled"/><testcase name="Address Look-up - check zip codes"><skipped/></testcase><testcase name="DAC Feed - ensure that the feed is running"/></testsuite>