<?xml version="1.0" encoding="UTF-8"?><testsuite errors="0" failures="2" name="Regression checklist spanish" skipped="42" tests="46" time="654.64" timestamp="2018-02-06T16:04:15.677-05:00[America/New_York]"><testcase name="(Spanish) Homepage - Header - All the menu links on the &quot;Get Assistance&quot; tab"><skipped/></testcase><testcase name="(Spanish) Homepage - Header - All the menu links on the &quot;Information&quot; tab"><skipped/></testcase><testcase name="(Spanish) Homepage - Header - All the menu links on the &quot;About Us&quot; tab"><skipped/></testcase><testcase name="(Spanish) Homepage - Header - All the menu links on the &quot;Help&quot; tab"><skipped/></testcase><testcase name="(Spanish) Homepage - Key Links - Main links on homepage to assert that the Spanish pages open correctly"><skipped/></testcase><testcase name="(Spanish) Homepage - Currently declared disasters - States in the Spanish declared disaster map are clickable"><skipped/></testcase><testcase name="(Spanish) Homepage - Currently declared disasters - The declared states on the declared disaster map"><skipped/></testcase><testcase name="(Spanish) Homepage - Find Local Resources flows correctly in Spanish"><skipped/></testcase><testcase name="(Spanish) News Feeds - All of the titles on the page"><skipped/></testcase><testcase name="(Spanish) Community Leaders - Results of the quick search items"><skipped/></testcase><testcase name="(Spanish) Homepage - Address Look-Up - Declared disasters"><skipped/></testcase><testcase name="(Spanish) Find Assistance - Spanish benefits results display according to use cases"><skipped/></testcase><testcase name="(Spanish) Find Assistance - Dynamically verify results of the questionnaire"><skipped/></testcase><testcase name="(Spanish) Find Assistance - All the functionality of the FOA questionnaire"><skipped/></testcase><testcase name="(Spanish) News Feeds - FEMA Twitter feed is present"><skipped/></testcase><testcase name="(Spanish) Forms of Assistance - Category Type filter with the first seven types"/><testcase name="(Spanish) Forms of Assistance - Category Type filter with the next eight types"/><testcase name="(Spanish) Forms of Assistance - Federal Agency filter with the first seven types"><failure message="The following error occurred: Expected enabled element was not enabled" type="net.thucydides.core.webdriver.exceptions.ElementShouldBeEnabledException">The following error occurred: Expected enabled element was not enabled</failure><system-err>The following error occurred: Expected enabled element was not enabled
gov.daip.d8.test.pageObject.DALandingPage.clickFirstSevenFederalAgencies(DALandingPage.java:280)
gov.daip.d8.test.User.clickFederalAgency(User.java:454)
gov.daip.d8.test.DailyRegressionSteps.when_I_click_on_federal_agency_and_check_first_seven(DailyRegressionSteps.java:341)
</system-err></testcase><testcase name="(Spanish) Forms of Assistance - Federal Agency filter with the next seven types"><failure message="The following error occurred: Expected enabled element was not enabled" type="net.thucydides.core.webdriver.exceptions.ElementShouldBeEnabledException">The following error occurred: Expected enabled element was not enabled</failure><system-err>The following error occurred: Expected enabled element was not enabled
gov.daip.d8.test.pageObject.DALandingPage.clickNextFederalAgencies(DALandingPage.java:290)
gov.daip.d8.test.User.clickNextFederalAgency(User.java:470)
gov.daip.d8.test.DailyRegressionSteps.when_i_check_the_next_seven(DailyRegressionSteps.java:356)
</system-err></testcase></testsuite>