<?xml version="1.0" encoding="UTF-8"?><testsuite errors="1" failures="7" name="Regression checklist" skipped="19" tests="119" time="604.13" timestamp="2018-04-17T14:47:07.049-04:00[America/New_York]"><testcase name="Homepage - Header - All the menu links on the &quot;Get Assistance&quot; tab"/><testcase name="Homepage - Header - All the menu links on the &quot;Information&quot; tab"/><testcase name="Homepage - Header - All the menu links on the &quot;About Us&quot; tab"/><testcase name="Homepage - Header - All the menu links on the &quot;Help&quot; tab"/><testcase name="Homepage - Key Links - Main links on homepage to assert that the pages open correctly"/><testcase name="Homepage - Currently declared disasters - States in the declared disaster map are clickable"/><testcase name="Homepage - Currently declared disasters - The declared states on the declared disaster map"/><testcase name="Homepage - Find Local Resources flows correctly"/><testcase name="News Feeds - All of the titles on the page"/><testcase name="Community Leaders - Results of the quick search items"/><testcase name="Homepage - Address Look-Up - Declared disasters"/><testcase name="Address Look-Up - Declared disasters"/><testcase name="Find Assistance - Benefits results display according to use cases"/><testcase name="Find Assistance - Dynamically verify results of the questionnaire"/><testcase name="Find Assistance - All the functionality of the FOA questionnaire"/><testcase name="News Feeds - FEMA Twitter feed is present"/><testcase name="Forms of Assistance - Category Type filter with the first seven types"/><testcase name="Forms of Assistance - Category Type filter with the next eight types"/><testcase name="Forms of Assistance - Federal Agency filter with the first seven types"/><testcase name="Forms of Assistance - Federal Agency filter with the next seven types"/><testcase name="Homepage - &quot;Apply Online&quot; DAC page includes mobile flag"><skipped/></testcase><testcase name="Homepage - &quot;Check Status&quot; DAC page includes mobile flag"><skipped/></testcase><testcase name="Community Leaders - Type keyword into search bar"><error message="The following error occurred: Timed out after 2 seconds. Element not found&#10;For documentation on this error, please visit: http://seleniumhq.org/exceptions/no_such_element.html&#10;Build info: version: '3.7.0', revision: '2321c73', time: '2017-11-02T22:22:35.584Z'&#10;System info: host: 'C02RJ1FVFVH8.local', ip: 'fe80:0:0:0:101a:d911:4ac5:d5d3%en0', os.name: 'Mac OS X', os.arch: 'x86_64', os.version: '10.12.6', java.version: '1.8.0_101'&#10;Driver info: driver.version: unknown" type="org.openqa.selenium.NoSuchElementException">The following error occurred: Timed out after 2 seconds. Element not found
For documentation on this error, please visit: http://seleniumhq.org/exceptions/no_such_element.html
Build info: version: '3.7.0', revision: '2321c73', time: '2017-11-02T22:22:35.584Z'
System info: host: 'C02RJ1FVFVH8.local', ip: 'fe80:0:0:0:101a:d911:4ac5:d5d3%en0', os.name: 'Mac OS X', os.arch: 'x86_64', os.version: '10.12.6', java.version: '1.8.0_101'
Driver info: driver.version: unknown</error><system-err>The following error occurred: Timed out after 2 seconds. Element not found
For documentation on this error, please visit: http://seleniumhq.org/exceptions/no_such_element.html
Build info: version: '3.7.0', revision: '2321c73', time: '2017-11-02T22:22:35.584Z'
System info: host: 'C02RJ1FVFVH8.local', ip: 'fe80:0:0:0:101a:d911:4ac5:d5d3%en0', os.name: 'Mac OS X', os.arch: 'x86_64', os.version: '10.12.6', java.version: '1.8.0_101'
Driver info: driver.version: unknown
gov.daip.d8.test.pageObject.DALandingPage.communityResults(DALandingPage.java:206)
gov.daip.d8.test.User.quickSearchResults(User.java:426)
gov.daip.d8.test.DailyRegressionSteps.thenShouldIncludeSearchWords(DailyRegressionSteps.java:195)
</system-err></testcase><testcase name="Sitemap - All links in Sitemap point to the right page"><failure message="The following error occurred: Expected enabled element was not enabled" type="net.thucydides.core.webdriver.exceptions.ElementShouldBeEnabledException">The following error occurred: Expected enabled element was not enabled</failure><system-err>The following error occurred: Expected enabled element was not enabled
gov.daip.d8.test.pageObject.DASitemap.clickOnHome(DASitemap.java:166)
gov.daip.d8.test.User.clickSiteMap(User.java:631)
gov.daip.d8.test.DailyRegressionSteps.clickOnSitemapLink(DailyRegressionSteps.java:440)
</system-err></testcase><testcase name="Homepage - Footer - All the links in &quot;Additional Links&quot;"><skipped/></testcase><testcase name="Homepage - USA search feeds display results"/><testcase name="Homepage - Apply Online - Verify the redirection from DAC when RI is cancelled"/></testsuite>